
Starting Nmap 6.40 ( http://nmap.org ) at 2016-12-27 03:03 UTC
NSE: Loaded 23 scripts for scanning.
Initiating SYN Stealth Scan at 03:03
Scanning 9e5162e2c31c (172.17.0.2) [1000 ports]
Completed SYN Stealth Scan at 03:03, 0.02s elapsed (1000 total ports)
Initiating Service scan at 03:03
NSE: Script scanning 172.17.0.2.
NSE: Starting runlevel 1 (of 1) scan.
Nmap scan report for 9e5162e2c31c (172.17.0.2)
Host is up (0.0000080s latency).
All 1000 scanned ports on 9e5162e2c31c (172.17.0.2) are closed

Read data files from: /usr/bin/../share/nmap
Service detection performed. Please report any incorrect results at http://nmap.org/submit/ .
Nmap done: 1 IP address (1 host up) scanned in 0.23 seconds
           Raw packets sent: 1000 (44.000KB) | Rcvd: 2000 (84.000KB)

Starting Nmap 6.40 ( http://nmap.org ) at 2016-12-27 03:04 UTC
NSE: Loaded 23 scripts for scanning.
Initiating ARP Ping Scan at 03:04
Scanning 172.17.0.1 [1 port]
Completed ARP Ping Scan at 03:04, 0.00s elapsed (1 total hosts)
Initiating Parallel DNS resolution of 1 host. at 03:04
Completed Parallel DNS resolution of 1 host. at 03:04, 0.23s elapsed
DNS resolution of 1 IPs took 0.23s. Mode: Async [#: 1, OK: 0, NX: 1, DR: 0, SF: 0, TR: 1, CN: 0]
Initiating SYN Stealth Scan at 03:04
Scanning 172.17.0.1 [1000 ports]
Discovered open port 22/tcp on 172.17.0.1
Completed SYN Stealth Scan at 03:04, 0.02s elapsed (1000 total ports)
Initiating Service scan at 03:04
Scanning 1 service on 172.17.0.1
Completed Service scan at 03:04, 0.01s elapsed (1 service on 1 host)
NSE: Script scanning 172.17.0.1.
NSE: Starting runlevel 1 (of 1) scan.
Nmap scan report for 172.17.0.1
Host is up (0.0000090s latency).
Scanned at 2016-12-27 03:04:44 UTC for 0s
Not shown: 999 closed ports
PORT   STATE SERVICE VERSION
22/tcp open  ssh     OpenSSH 7.2 (protocol 2.0)
MAC Address: 02:42:33:F8:0E:B8 (Unknown)

Read data files from: /usr/bin/../share/nmap
Service detection performed. Please report any incorrect results at http://nmap.org/submit/ .
Nmap done: 1 IP address (1 host up) scanned in 0.48 seconds
           Raw packets sent: 1001 (44.028KB) | Rcvd: 1001 (40.032KB)
